<?xml version="1.0" encoding="UTF-8"?>
<testsuite name="registro de nuevo usuario" tests="1" skipped="0" failures="0" errors="0" timestamp="2021-02-13T03:57:26" hostname="JULIO" time="67.354">
  <properties/>
  <testcase name="registro de nuevo usuario" classname="registro de nuevo usuario" time="67.354"/>
  <system-out><![CDATA[]]></system-out>
  <system-err><![CDATA[feb 12, 2021 10:57:27 PM org.openqa.selenium.remote.DesiredCapabilities chrome
INFORMACIÓN: Using `new ChromeOptions()` is preferred to `DesiredCapabilities.chrome()`
Starting ChromeDriver 88.0.4324.96 (68dba2d8a0b149a1d3afac56fa74648032bcf46b-refs/branch-heads/4324@{#1784}) on port 27769
Only local connections are allowed.
Please see https://chromedriver.chromium.org/security-considerations for suggestions on keeping ChromeDriver safe.
ChromeDriver was started successfully.
feb 12, 2021 10:57:37 PM org.openqa.selenium.remote.ProtocolHandshake createSession
INFORMACIÓN: Detected dialect: W3C
[Test worker] INFO net.serenitybdd.core.Serenity - 
        __    _____ _____ ____ _____   ____   _    ____  ____  _____ ____  
  _     \ \  |_   _| ____/ ___|_   _| |  _ \ / \  / ___|/ ___|| ____|  _ \ 
 (_)_____| |   | | |  _| \___ \ | |   | |_) / _ \ \___ \\___ \|  _| | | | |
  _|_____| |   | | | |___ ___) || |   |  __/ ___ \ ___) |___) | |___| |_| |
 (_)     | |   |_| |_____|____/ |_|   |_| /_/   \_\____/|____/|_____|____/ 
        /_/                                                                

TEST PASSED: registro de nuevo usuario
----------------------------------------------------------------------------
]]></system-err>
</testsuite>
